{"E:\\Projects\\nuoya-wealth\\src\\api\\helper\\checkStatus.ts": {"path":"E:\\Projects\\nuoya-wealth\\src\\api\\helper\\checkStatus.ts","statementMap":{"0":{"start":{"line":8,"column":27},"end":{"line":43,"column":null}},"1":{"start":{"line":9,"column":2},"end":{"line":42,"column":null}},"2":{"start":{"line":11,"column":6},"end":{"line":11,"column":null}},"3":{"start":{"line":12,"column":6},"end":{"line":12,"column":null}},"4":{"start":{"line":14,"column":6},"end":{"line":14,"column":null}},"5":{"start":{"line":15,"column":6},"end":{"line":15,"column":null}},"6":{"start":{"line":17,"column":6},"end":{"line":17,"column":null}},"7":{"start":{"line":18,"column":6},"end":{"line":18,"column":null}},"8":{"start":{"line":20,"column":6},"end":{"line":20,"column":null}},"9":{"start":{"line":21,"column":6},"end":{"line":21,"column":null}},"10":{"start":{"line":23,"column":6},"end":{"line":23,"column":null}},"11":{"start":{"line":24,"column":6},"end":{"line":24,"column":null}},"12":{"start":{"line":26,"column":6},"end":{"line":26,"column":null}},"13":{"start":{"line":27,"column":6},"end":{"line":27,"column":null}},"14":{"start":{"line":29,"column":6},"end":{"line":29,"column":null}},"15":{"start":{"line":30,"column":6},"end":{"line":30,"column":null}},"16":{"start":{"line":32,"column":6},"end":{"line":32,"column":null}},"17":{"start":{"line":33,"column":6},"end":{"line":33,"column":null}},"18":{"start":{"line":35,"column":6},"end":{"line":35,"column":null}},"19":{"start":{"line":36,"column":6},"end":{"line":36,"column":null}},"20":{"start":{"line":38,"column":6},"end":{"line":38,"column":null}},"21":{"start":{"line":39,"column":6},"end":{"line":39,"column":null}},"22":{"start":{"line":41,"column":6},"end":{"line":41,"column":null}}},"fnMap":{"0":{"name":"(anonymous_0)","decl":{"start":{"line":8,"column":27},"end":{"line":8,"column":28}},"loc":{"start":{"line":8,"column":47},"end":{"line":43,"column":null}},"line":8}},"branchMap":{"0":{"loc":{"start":{"line":9,"column":2},"end":{"line":42,"column":null}},"type":"switch","locations":[{"start":{"line":10,"column":4},"end":{"line":12,"column":null}},{"start":{"line":13,"column":4},"end":{"line":15,"column":null}},{"start":{"line":16,"column":4},"end":{"line":18,"column":null}},{"start":{"line":19,"column":4},"end":{"line":21,"column":null}},{"start":{"line":22,"column":4},"end":{"line":24,"column":null}},{"start":{"line":25,"column":4},"end":{"line":27,"column":null}},{"start":{"line":28,"column":4},"end":{"line":30,"column":null}},{"start":{"line":31,"column":4},"end":{"line":33,"column":null}},{"start":{"line":34,"column":4},"end":{"line":36,"column":null}},{"start":{"line":37,"column":4},"end":{"line":39,"column":null}},{"start":{"line":40,"column":4},"end":{"line":41,"column":null}}],"line":9}},"s":{"0":1,"1":6,"2":1,"3":1,"4":1,"5":1,"6":1,"7":1,"8":1,"9":1,"10":0,"11":0,"12":0,"13":0,"14":1,"15":1,"16":0,"17":0,"18":0,"19":0,"20":0,"21":0,"22":1},"f":{"0":6},"b":{"0":[1,1,1,1,0,0,1,0,0,0,1]},"meta":{"lastBranch":1,"lastFunction":1,"lastStatement":23,"seen":{"s:8:27:43:Infinity":0,"f:8:27:8:28":0,"b:10:4:12:Infinity:13:4:15:Infinity:16:4:18:Infinity:19:4:21:Infinity:22:4:24:Infinity:25:4:27:Infinity:28:4:30:Infinity:31:4:33:Infinity:34:4:36:Infinity:37:4:39:Infinity:40:4:41:Infinity":0,"s:9:2:42:Infinity":1,"s:11:6:11:Infinity":2,"s:12:6:12:Infinity":3,"s:14:6:14:Infinity":4,"s:15:6:15:Infinity":5,"s:17:6:17:Infinity":6,"s:18:6:18:Infinity":7,"s:20:6:20:Infinity":8,"s:21:6:21:Infinity":9,"s:23:6:23:Infinity":10,"s:24:6:24:Infinity":11,"s:26:6:26:Infinity":12,"s:27:6:27:Infinity":13,"s:29:6:29:Infinity":14,"s:30:6:30:Infinity":15,"s:32:6:32:Infinity":16,"s:33:6:33:Infinity":17,"s:35:6:35:Infinity":18,"s:36:6:36:Infinity":19,"s:38:6:38:Infinity":20,"s:39:6:39:Infinity":21,"s:41:6:41:Infinity":22}}}
,"E:\\Projects\\nuoya-wealth\\src\\components\\Captcha\\index.vue": {"path":"E:\\Projects\\nuoya-wealth\\src\\components\\Captcha\\index.vue","statementMap":{"0":{"start":{"line":10,"column":14},"end":{"line":10,"column":null}},"1":{"start":{"line":16,"column":6},"end":{"line":16,"column":null}},"2":{"start":{"line":17,"column":6},"end":{"line":17,"column":null}},"3":{"start":{"line":19,"column":19},"end":{"line":22,"column":null}},"4":{"start":{"line":20,"column":16},"end":{"line":20,"column":null}},"5":{"start":{"line":21,"column":2},"end":{"line":21,"column":null}},"6":{"start":{"line":24,"column":20},"end":{"line":29,"column":null}},"7":{"start":{"line":25,"column":12},"end":{"line":25,"column":null}},"8":{"start":{"line":26,"column":12},"end":{"line":26,"column":null}},"9":{"start":{"line":27,"column":12},"end":{"line":27,"column":null}},"10":{"start":{"line":28,"column":2},"end":{"line":28,"column":null}},"11":{"start":{"line":31,"column":13},"end":{"line":73,"column":null}},"12":{"start":{"line":32,"column":17},"end":{"line":32,"column":null}},"13":{"start":{"line":33,"column":2},"end":{"line":33,"column":null}},"14":{"start":{"line":33,"column":15},"end":{"line":33,"column":null}},"15":{"start":{"line":34,"column":14},"end":{"line":34,"column":null}},"16":{"start":{"line":35,"column":2},"end":{"line":35,"column":null}},"17":{"start":{"line":35,"column":12},"end":{"line":35,"column":null}},"18":{"start":{"line":36,"column":2},"end":{"line":36,"column":null}},"19":{"start":{"line":37,"column":2},"end":{"line":37,"column":null}},"20":{"start":{"line":38,"column":2},"end":{"line":38,"column":null}},"21":{"start":{"line":40,"column":2},"end":{"line":40,"column":null}},"22":{"start":{"line":41,"column":2},"end":{"line":55,"column":null}},"23":{"start":{"line":41,"column":15},"end":{"line":41,"column":18}},"24":{"start":{"line":42,"column":15},"end":{"line":42,"column":null}},"25":{"start":{"line":43,"column":4},"end":{"line":43,"column":null}},"26":{"start":{"line":44,"column":21},"end":{"line":44,"column":null}},"27":{"start":{"line":45,"column":4},"end":{"line":45,"column":null}},"28":{"start":{"line":46,"column":4},"end":{"line":46,"column":null}},"29":{"start":{"line":47,"column":15},"end":{"line":47,"column":null}},"30":{"start":{"line":48,"column":14},"end":{"line":48,"column":null}},"31":{"start":{"line":49,"column":10},"end":{"line":49,"column":null}},"32":{"start":{"line":50,"column":4},"end":{"line":50,"column":null}},"33":{"start":{"line":51,"column":4},"end":{"line":51,"column":null}},"34":{"start":{"line":52,"column":4},"end":{"line":52,"column":null}},"35":{"start":{"line":53,"column":4},"end":{"line":53,"column":null}},"36":{"start":{"line":54,"column":4},"end":{"line":54,"column":null}},"37":{"start":{"line":58,"column":2},"end":{"line":64,"column":null}},"38":{"start":{"line":58,"column":15},"end":{"line":58,"column":18}},"39":{"start":{"line":59,"column":4},"end":{"line":59,"column":null}},"40":{"start":{"line":60,"column":4},"end":{"line":60,"column":null}},"41":{"start":{"line":61,"column":4},"end":{"line":61,"column":null}},"42":{"start":{"line":62,"column":4},"end":{"line":62,"column":null}},"43":{"start":{"line":63,"column":4},"end":{"line":63,"column":null}},"44":{"start":{"line":67,"column":2},"end":{"line":72,"column":null}},"45":{"start":{"line":67,"column":15},"end":{"line":67,"column":18}},"46":{"start":{"line":68,"column":4},"end":{"line":68,"column":null}},"47":{"start":{"line":69,"column":4},"end":{"line":69,"column":null}},"48":{"start":{"line":70,"column":4},"end":{"line":70,"column":null}},"49":{"start":{"line":71,"column":4},"end":{"line":71,"column":null}},"50":{"start":{"line":75,"column":16},"end":{"line":77,"column":null}},"51":{"start":{"line":76,"column":2},"end":{"line":76,"column":null}},"52":{"start":{"line":79,"column":0},"end":{"line":79,"column":null}},"53":{"start":{"line":80,"column":0},"end":{"line":80,"column":null}},"54":{"start":{"line":80,"column":12},"end":{"line":80,"column":55}},"55":{"start":{"line":82,"column":0},"end":{"line":82,"column":null}},"56":{"start":{"line":82,"column":39},"end":{"line":82,"column":50}},"57":{"start":{"line":2,"column":2},"end":{"line":3,"column":69}}},"fnMap":{"0":{"name":"(anonymous_0)","decl":{"start":{"line":19,"column":19},"end":{"line":19,"column":25}},"loc":{"start":{"line":19,"column":25},"end":{"line":22,"column":null}},"line":19},"1":{"name":"(anonymous_1)","decl":{"start":{"line":24,"column":20},"end":{"line":24,"column":21}},"loc":{"start":{"line":24,"column":46},"end":{"line":29,"column":null}},"line":24},"2":{"name":"(anonymous_2)","decl":{"start":{"line":31,"column":13},"end":{"line":31,"column":19}},"loc":{"start":{"line":31,"column":19},"end":{"line":73,"column":null}},"line":31},"3":{"name":"(anonymous_3)","decl":{"start":{"line":75,"column":16},"end":{"line":75,"column":22}},"loc":{"start":{"line":75,"column":22},"end":{"line":77,"column":null}},"line":75},"4":{"name":"(anonymous_4)","decl":{"start":{"line":80,"column":6},"end":{"line":80,"column":12}},"loc":{"start":{"line":80,"column":12},"end":{"line":80,"column":55}},"line":80},"5":{"name":"(anonymous_5)","decl":{"start":{"line":82,"column":33},"end":{"line":82,"column":39}},"loc":{"start":{"line":82,"column":39},"end":{"line":82,"column":50}},"line":82}},"branchMap":{"0":{"loc":{"start":{"line":24,"column":21},"end":{"line":24,"column":32}},"type":"default-arg","locations":[{"start":{"line":24,"column":27},"end":{"line":24,"column":32}}],"line":24},"1":{"loc":{"start":{"line":24,"column":32},"end":{"line":24,"column":46}},"type":"default-arg","locations":[{"start":{"line":24,"column":38},"end":{"line":24,"column":46}}],"line":24},"2":{"loc":{"start":{"line":33,"column":2},"end":{"line":33,"column":null}},"type":"if","locations":[{"start":{"line":33,"column":2},"end":{"line":33,"column":null}},{"start":{},"end":{}}],"line":33},"3":{"loc":{"start":{"line":35,"column":2},"end":{"line":35,"column":null}},"type":"if","locations":[{"start":{"line":35,"column":2},"end":{"line":35,"column":null}},{"start":{},"end":{}}],"line":35}},"s":{"0":12,"1":12,"2":12,"3":12,"4":0,"5":0,"6":12,"7":0,"8":0,"9":0,"10":0,"11":12,"12":13,"13":13,"14":0,"15":13,"16":13,"17":13,"18":0,"19":0,"20":0,"21":0,"22":0,"23":0,"24":0,"25":0,"26":0,"27":0,"28":0,"29":0,"30":0,"31":0,"32":0,"33":0,"34":0,"35":0,"36":0,"37":0,"38":0,"39":0,"40":0,"41":0,"42":0,"43":0,"44":0,"45":0,"46":0,"47":0,"48":0,"49":0,"50":12,"51":1,"52":12,"53":12,"54":12,"55":12,"56":0,"57":12},"f":{"0":0,"1":0,"2":13,"3":1,"4":12,"5":0},"b":{"0":[0],"1":[0],"2":[0,13],"3":[13,0]},"meta":{"lastBranch":0,"lastFunction":0,"lastStatement":0,"seen":{}}}
,"E:\\Projects\\nuoya-wealth\\src\\stores\\helper\\persist.ts": {"path":"E:\\Projects\\nuoya-wealth\\src\\stores\\helper\\persist.ts","statementMap":{"0":{"start":{"line":9,"column":27},"end":{"line":17,"column":null}},"1":{"start":{"line":10,"column":18},"end":{"line":15,"column":null}},"2":{"start":{"line":16,"column":2},"end":{"line":16,"column":null}}},"fnMap":{"0":{"name":"(anonymous_0)","decl":{"start":{"line":9,"column":27},"end":{"line":9,"column":28}},"loc":{"start":{"line":9,"column":62},"end":{"line":17,"column":null}},"line":9}},"branchMap":{"0":{"loc":{"start":{"line":14,"column":8},"end":{"line":14,"column":null}},"type":"cond-expr","locations":[{"start":{"line":14,"column":16},"end":{"line":14,"column":28}},{"start":{"line":14,"column":28},"end":{"line":14,"column":null}}],"line":14}},"s":{"0":4,"1":4,"2":4},"f":{"0":4},"b":{"0":[0,4]},"meta":{"lastBranch":1,"lastFunction":1,"lastStatement":3,"seen":{"s:9:27:17:Infinity":0,"f:9:27:9:28":0,"s:10:18:15:Infinity":1,"b:14:16:14:28:14:28:14:Infinity":0,"s:16:2:16:Infinity":2}}}
,"E:\\Projects\\nuoya-wealth\\src\\stores\\modules\\auth.ts": {"path":"E:\\Projects\\nuoya-wealth\\src\\stores\\modules\\auth.ts","statementMap":{"0":{"start":{"line":14,"column":18},"end":{"line":22,"column":null}},"1":{"start":{"line":15,"column":2},"end":{"line":15,"column":null}},"2":{"start":{"line":15,"column":33},"end":{"line":15,"column":null}},"3":{"start":{"line":16,"column":2},"end":{"line":16,"column":null}},"4":{"start":{"line":16,"column":32},"end":{"line":16,"column":null}},"5":{"start":{"line":17,"column":2},"end":{"line":20,"column":null}},"6":{"start":{"line":18,"column":14},"end":{"line":18,"column":null}},"7":{"start":{"line":19,"column":4},"end":{"line":19,"column":null}},"8":{"start":{"line":21,"column":2},"end":{"line":21,"column":null}},"9":{"start":{"line":24,"column":14},"end":{"line":24,"column":null}},"10":{"start":{"line":24,"column":26},"end":{"line":24,"column":null}},"11":{"start":{"line":26,"column":28},"end":{"line":38,"column":null}},"12":{"start":{"line":27,"column":2},"end":{"line":27,"column":null}},"13":{"start":{"line":27,"column":12},"end":{"line":27,"column":null}},"14":{"start":{"line":28,"column":2},"end":{"line":28,"column":null}},"15":{"start":{"line":28,"column":26},"end":{"line":28,"column":null}},"16":{"start":{"line":29,"column":2},"end":{"line":36,"column":null}},"17":{"start":{"line":30,"column":4},"end":{"line":35,"column":null}},"18":{"start":{"line":31,"column":21},"end":{"line":31,"column":null}},"19":{"start":{"line":32,"column":6},"end":{"line":32,"column":null}},"20":{"start":{"line":34,"column":6},"end":{"line":34,"column":null}},"21":{"start":{"line":37,"column":2},"end":{"line":37,"column":null}},"22":{"start":{"line":40,"column":28},"end":{"line":52,"column":null}},"23":{"start":{"line":41,"column":2},"end":{"line":41,"column":null}},"24":{"start":{"line":41,"column":28},"end":{"line":41,"column":null}},"25":{"start":{"line":42,"column":2},"end":{"line":51,"column":null}},"26":{"start":{"line":43,"column":22},"end":{"line":43,"column":null}},"27":{"start":{"line":44,"column":4},"end":{"line":49,"column":null}},"28":{"start":{"line":46,"column":6},"end":{"line":48,"column":null}},"29":{"start":{"line":47,"column":28},"end":{"line":47,"column":50}},"30":{"start":{"line":48,"column":25},"end":{"line":48,"column":52}},"31":{"start":{"line":50,"column":4},"end":{"line":50,"column":null}},"32":{"start":{"line":54,"column":13},"end":{"line":136,"column":null}},"33":{"start":{"line":56,"column":27},"end":{"line":62,"column":null}},"34":{"start":{"line":64,"column":30},"end":{"line":64,"column":null}},"35":{"start":{"line":65,"column":21},"end":{"line":65,"column":null}},"36":{"start":{"line":66,"column":21},"end":{"line":66,"column":null}},"37":{"start":{"line":70,"column":4},"end":{"line":127,"column":null}},"38":{"start":{"line":71,"column":12},"end":{"line":71,"column":null}},"39":{"start":{"line":72,"column":24},"end":{"line":72,"column":null}},"40":{"start":{"line":74,"column":23},"end":{"line":74,"column":null}},"41":{"start":{"line":75,"column":25},"end":{"line":75,"column":null}},"42":{"start":{"line":78,"column":20},"end":{"line":78,"column":null}},"43":{"start":{"line":79,"column":21},"end":{"line":79,"column":null}},"44":{"start":{"line":82,"column":48},"end":{"line":89,"column":null}},"45":{"start":{"line":91,"column":26},"end":{"line":91,"column":null}},"46":{"start":{"line":91,"column":45},"end":{"line":91,"column":null}},"47":{"start":{"line":93,"column":23},"end":{"line":121,"column":null}},"48":{"start":{"line":94,"column":23},"end":{"line":94,"column":null}},"49":{"start":{"line":95,"column":28},"end":{"line":95,"column":null}},"50":{"start":{"line":96,"column":24},"end":{"line":96,"column":null}},"51":{"start":{"line":97,"column":22},"end":{"line":97,"column":null}},"52":{"start":{"line":99,"column":29},"end":{"line":99,"column":null}},"53":{"start":{"line":103,"column":10},"end":{"line":103,"column":null}},"54":{"start":{"line":103,"column":36},"end":{"line":103,"column":null}},"55":{"start":{"line":104,"column":10},"end":{"line":104,"column":null}},"56":{"start":{"line":104,"column":30},"end":{"line":104,"column":69}},"57":{"start":{"line":105,"column":10},"end":{"line":105,"column":null}},"58":{"start":{"line":105,"column":30},"end":{"line":105,"column":75}},"59":{"start":{"line":106,"column":10},"end":{"line":106,"column":null}},"60":{"start":{"line":106,"column":29},"end":{"line":106,"column":70}},"61":{"start":{"line":108,"column":10},"end":{"line":120,"column":null}},"62":{"start":{"line":123,"column":8},"end":{"line":123,"column":null}},"63":{"start":{"line":125,"column":8},"end":{"line":125,"column":null}},"64":{"start":{"line":126,"column":8},"end":{"line":126,"column":null}},"65":{"start":{"line":130,"column":6},"end":{"line":130,"column":null}},"66":{"start":{"line":133,"column":6},"end":{"line":133,"column":null}}},"fnMap":{"0":{"name":"(anonymous_0)","decl":{"start":{"line":14,"column":18},"end":{"line":14,"column":19}},"loc":{"start":{"line":14,"column":42},"end":{"line":22,"column":null}},"line":14},"1":{"name":"(anonymous_1)","decl":{"start":{"line":24,"column":14},"end":{"line":24,"column":15}},"loc":{"start":{"line":24,"column":26},"end":{"line":24,"column":null}},"line":24},"2":{"name":"(anonymous_2)","decl":{"start":{"line":26,"column":28},"end":{"line":26,"column":29}},"loc":{"start":{"line":26,"column":49},"end":{"line":38,"column":null}},"line":26},"3":{"name":"(anonymous_3)","decl":{"start":{"line":40,"column":28},"end":{"line":40,"column":29}},"loc":{"start":{"line":40,"column":52},"end":{"line":52,"column":null}},"line":40},"4":{"name":"(anonymous_4)","decl":{"start":{"line":42,"column":18},"end":{"line":42,"column":26}},"loc":{"start":{"line":42,"column":26},"end":{"line":51,"column":3}},"line":42},"5":{"name":"(anonymous_5)","decl":{"start":{"line":47,"column":16},"end":{"line":47,"column":17}},"loc":{"start":{"line":47,"column":28},"end":{"line":47,"column":50}},"line":47},"6":{"name":"(anonymous_6)","decl":{"start":{"line":48,"column":13},"end":{"line":48,"column":14}},"loc":{"start":{"line":48,"column":25},"end":{"line":48,"column":52}},"line":48},"7":{"name":"(anonymous_7)","decl":{"start":{"line":56,"column":9},"end":{"line":56,"column":27}},"loc":{"start":{"line":56,"column":27},"end":{"line":62,"column":null}},"line":56},"8":{"name":"(anonymous_8)","decl":{"start":{"line":64,"column":21},"end":{"line":64,"column":30}},"loc":{"start":{"line":64,"column":30},"end":{"line":64,"column":null}},"line":64},"9":{"name":"(anonymous_9)","decl":{"start":{"line":65,"column":21},"end":{"line":65,"column":30}},"loc":{"start":{"line":65,"column":21},"end":{"line":65,"column":null}},"line":65},"10":{"name":"(anonymous_10)","decl":{"start":{"line":66,"column":21},"end":{"line":66,"column":30}},"loc":{"start":{"line":66,"column":21},"end":{"line":66,"column":null}},"line":66},"11":{"name":"(anonymous_11)","decl":{"start":{"line":69,"column":10},"end":{"line":69,"column":28}},"loc":{"start":{"line":69,"column":28},"end":{"line":128,"column":null}},"line":69},"12":{"name":"(anonymous_12)","decl":{"start":{"line":91,"column":26},"end":{"line":91,"column":27}},"loc":{"start":{"line":91,"column":45},"end":{"line":91,"column":null}},"line":91},"13":{"name":"(anonymous_13)","decl":{"start":{"line":93,"column":32},"end":{"line":93,"column":33}},"loc":{"start":{"line":93,"column":45},"end":{"line":121,"column":9}},"line":93},"14":{"name":"(anonymous_14)","decl":{"start":{"line":129,"column":4},"end":{"line":129,"column":24}},"loc":{"start":{"line":129,"column":24},"end":{"line":131,"column":null}},"line":129},"15":{"name":"(anonymous_15)","decl":{"start":{"line":132,"column":10},"end":{"line":132,"column":23}},"loc":{"start":{"line":132,"column":37},"end":{"line":134,"column":null}},"line":132}},"branchMap":{"0":{"loc":{"start":{"line":15,"column":2},"end":{"line":15,"column":null}},"type":"if","locations":[{"start":{"line":15,"column":2},"end":{"line":15,"column":null}},{"start":{},"end":{}}],"line":15},"1":{"loc":{"start":{"line":16,"column":2},"end":{"line":16,"column":null}},"type":"if","locations":[{"start":{"line":16,"column":2},"end":{"line":16,"column":null}},{"start":{},"end":{}}],"line":16},"2":{"loc":{"start":{"line":17,"column":2},"end":{"line":20,"column":null}},"type":"if","locations":[{"start":{"line":17,"column":2},"end":{"line":20,"column":null}},{"start":{},"end":{}}],"line":17},"3":{"loc":{"start":{"line":19,"column":11},"end":{"line":19,"column":null}},"type":"binary-expr","locations":[{"start":{"line":19,"column":11},"end":{"line":19,"column":27}},{"start":{"line":19,"column":27},"end":{"line":19,"column":40}},{"start":{"line":19,"column":40},"end":{"line":19,"column":53}},{"start":{"line":19,"column":53},"end":{"line":19,"column":null}}],"line":19},"4":{"loc":{"start":{"line":24,"column":33},"end":{"line":24,"column":40}},"type":"binary-expr","locations":[{"start":{"line":24,"column":33},"end":{"line":24,"column":38}},{"start":{"line":24,"column":38},"end":{"line":24,"column":40}}],"line":24},"5":{"loc":{"start":{"line":27,"column":2},"end":{"line":27,"column":null}},"type":"if","locations":[{"start":{"line":27,"column":2},"end":{"line":27,"column":null}},{"start":{},"end":{}}],"line":27},"6":{"loc":{"start":{"line":28,"column":2},"end":{"line":28,"column":null}},"type":"if","locations":[{"start":{"line":28,"column":2},"end":{"line":28,"column":null}},{"start":{},"end":{}}],"line":28},"7":{"loc":{"start":{"line":29,"column":2},"end":{"line":36,"column":null}},"type":"if","locations":[{"start":{"line":29,"column":2},"end":{"line":36,"column":null}},{"start":{},"end":{}}],"line":29},"8":{"loc":{"start":{"line":31,"column":32},"end":{"line":31,"column":43}},"type":"binary-expr","locations":[{"start":{"line":31,"column":32},"end":{"line":31,"column":39}},{"start":{"line":31,"column":39},"end":{"line":31,"column":43}}],"line":31},"9":{"loc":{"start":{"line":32,"column":13},"end":{"line":32,"column":null}},"type":"cond-expr","locations":[{"start":{"line":32,"column":37},"end":{"line":32,"column":46}},{"start":{"line":32,"column":46},"end":{"line":32,"column":null}}],"line":32},"10":{"loc":{"start":{"line":41,"column":2},"end":{"line":41,"column":null}},"type":"if","locations":[{"start":{"line":41,"column":2},"end":{"line":41,"column":null}},{"start":{},"end":{}}],"line":41},"11":{"loc":{"start":{"line":44,"column":4},"end":{"line":49,"column":null}},"type":"if","locations":[{"start":{"line":44,"column":4},"end":{"line":49,"column":null}},{"start":{},"end":{}}],"line":44},"12":{"loc":{"start":{"line":44,"column":8},"end":{"line":44,"column":62}},"type":"binary-expr","locations":[{"start":{"line":44,"column":8},"end":{"line":44,"column":40}},{"start":{"line":44,"column":40},"end":{"line":44,"column":62}}],"line":44},"13":{"loc":{"start":{"line":72,"column":24},"end":{"line":72,"column":null}},"type":"binary-expr","locations":[{"start":{"line":72,"column":24},"end":{"line":72,"column":46}},{"start":{"line":72,"column":46},"end":{"line":72,"column":null}}],"line":72},"14":{"loc":{"start":{"line":75,"column":25},"end":{"line":75,"column":null}},"type":"binary-expr","locations":[{"start":{"line":75,"column":25},"end":{"line":75,"column":44}},{"start":{"line":75,"column":44},"end":{"line":75,"column":57}},{"start":{"line":75,"column":57},"end":{"line":75,"column":64}},{"start":{"line":75,"column":64},"end":{"line":75,"column":null}}],"line":75},"15":{"loc":{"start":{"line":78,"column":20},"end":{"line":78,"column":null}},"type":"cond-expr","locations":[{"start":{"line":78,"column":54},"end":{"line":78,"column":99}},{"start":{"line":78,"column":99},"end":{"line":78,"column":null}}],"line":78},"16":{"loc":{"start":{"line":78,"column":54},"end":{"line":78,"column":99}},"type":"cond-expr","locations":[{"start":{"line":78,"column":67},"end":{"line":78,"column":92}},{"start":{"line":78,"column":92},"end":{"line":78,"column":99}}],"line":78},"17":{"loc":{"start":{"line":78,"column":99},"end":{"line":78,"column":null}},"type":"binary-expr","locations":[{"start":{"line":78,"column":99},"end":{"line":78,"column":113}},{"start":{"line":78,"column":113},"end":{"line":78,"column":null}}],"line":78},"18":{"loc":{"start":{"line":79,"column":21},"end":{"line":79,"column":null}},"type":"cond-expr","locations":[{"start":{"line":79,"column":42},"end":{"line":79,"column":48}},{"start":{"line":79,"column":48},"end":{"line":79,"column":null}}],"line":79},"19":{"loc":{"start":{"line":91,"column":45},"end":{"line":91,"column":null}},"type":"cond-expr","locations":[{"start":{"line":91,"column":52},"end":{"line":91,"column":78}},{"start":{"line":91,"column":78},"end":{"line":91,"column":null}}],"line":91},"20":{"loc":{"start":{"line":94,"column":23},"end":{"line":94,"column":null}},"type":"binary-expr","locations":[{"start":{"line":94,"column":23},"end":{"line":94,"column":34}},{"start":{"line":94,"column":34},"end":{"line":94,"column":45}},{"start":{"line":94,"column":45},"end":{"line":94,"column":null}}],"line":94},"21":{"loc":{"start":{"line":95,"column":28},"end":{"line":95,"column":null}},"type":"binary-expr","locations":[{"start":{"line":95,"column":28},"end":{"line":95,"column":44}},{"start":{"line":95,"column":44},"end":{"line":95,"column":60}},{"start":{"line":95,"column":60},"end":{"line":95,"column":null}}],"line":95},"22":{"loc":{"start":{"line":96,"column":24},"end":{"line":96,"column":null}},"type":"binary-expr","locations":[{"start":{"line":96,"column":24},"end":{"line":96,"column":40}},{"start":{"line":96,"column":40},"end":{"line":96,"column":58}},{"start":{"line":96,"column":58},"end":{"line":96,"column":76}},{"start":{"line":96,"column":76},"end":{"line":96,"column":87}},{"start":{"line":96,"column":87},"end":{"line":96,"column":null}}],"line":96},"23":{"loc":{"start":{"line":97,"column":22},"end":{"line":97,"column":null}},"type":"cond-expr","locations":[{"start":{"line":97,"column":63},"end":{"line":97,"column":76}},{"start":{"line":97,"column":76},"end":{"line":97,"column":null}}],"line":97},"24":{"loc":{"start":{"line":97,"column":22},"end":{"line":97,"column":63}},"type":"binary-expr","locations":[{"start":{"line":97,"column":22},"end":{"line":97,"column":36}},{"start":{"line":97,"column":36},"end":{"line":97,"column":63}}],"line":97},"25":{"loc":{"start":{"line":99,"column":29},"end":{"line":99,"column":null}},"type":"binary-expr","locations":[{"start":{"line":99,"column":29},"end":{"line":99,"column":69}},{"start":{"line":99,"column":69},"end":{"line":99,"column":85}},{"start":{"line":99,"column":85},"end":{"line":99,"column":null}}],"line":99},"26":{"loc":{"start":{"line":103,"column":10},"end":{"line":103,"column":null}},"type":"if","locations":[{"start":{"line":103,"column":10},"end":{"line":103,"column":null}},{"start":{},"end":{}}],"line":103},"27":{"loc":{"start":{"line":104,"column":10},"end":{"line":104,"column":null}},"type":"if","locations":[{"start":{"line":104,"column":10},"end":{"line":104,"column":null}},{"start":{},"end":{}}],"line":104},"28":{"loc":{"start":{"line":105,"column":10},"end":{"line":105,"column":null}},"type":"if","locations":[{"start":{"line":105,"column":10},"end":{"line":105,"column":null}},{"start":{},"end":{}}],"line":105},"29":{"loc":{"start":{"line":106,"column":10},"end":{"line":106,"column":null}},"type":"if","locations":[{"start":{"line":106,"column":10},"end":{"line":106,"column":null}},{"start":{},"end":{}}],"line":106},"30":{"loc":{"start":{"line":114,"column":22},"end":{"line":114,"column":null}},"type":"binary-expr","locations":[{"start":{"line":114,"column":22},"end":{"line":114,"column":46}},{"start":{"line":114,"column":46},"end":{"line":114,"column":null}}],"line":114},"31":{"loc":{"start":{"line":116,"column":20},"end":{"line":116,"column":null}},"type":"binary-expr","locations":[{"start":{"line":116,"column":20},"end":{"line":116,"column":37}},{"start":{"line":116,"column":37},"end":{"line":116,"column":null}}],"line":116},"32":{"loc":{"start":{"line":117,"column":18},"end":{"line":117,"column":null}},"type":"cond-expr","locations":[{"start":{"line":117,"column":31},"end":{"line":117,"column":48}},{"start":{"line":117,"column":48},"end":{"line":117,"column":null}}],"line":117}},"s":{"0":1,"1":15,"2":13,"3":2,"4":2,"5":0,"6":0,"7":0,"8":0,"9":1,"10":0,"11":1,"12":0,"13":0,"14":0,"15":0,"16":0,"17":0,"18":0,"19":0,"20":0,"21":0,"22":1,"23":0,"24":0,"25":0,"26":0,"27":0,"28":0,"29":0,"30":0,"31":0,"32":1,"33":13,"34":0,"35":1,"36":1,"37":8,"38":8,"39":8,"40":8,"41":7,"42":8,"43":8,"44":8,"45":8,"46":6,"47":8,"48":6,"49":6,"50":6,"51":6,"52":6,"53":6,"54":0,"55":6,"56":1,"57":6,"58":1,"59":6,"60":1,"61":6,"62":8,"63":1,"64":1,"65":1,"66":1},"f":{"0":15,"1":0,"2":0,"3":0,"4":0,"5":0,"6":0,"7":13,"8":0,"9":1,"10":1,"11":8,"12":6,"13":6,"14":1,"15":1},"b":{"0":[13,2],"1":[2,0],"2":[0,0],"3":[0,0,0,0],"4":[0,0],"5":[0,0],"6":[0,0],"7":[0,0],"8":[0,0],"9":[0,0],"10":[0,0],"11":[0,0],"12":[0,0],"13":[8,0],"14":[7,0,0,0],"15":[0,7],"16":[0,0],"17":[7,0],"18":[7,0],"19":[6,0],"20":[6,0,0],"21":[6,0,0],"22":[6,0,0,0,0],"23":[6,0],"24":[6,3],"25":[6,3,3],"26":[0,6],"27":[1,5],"28":[1,5],"29":[1,5],"30":[6,5],"31":[6,2],"32":[0,6]},"meta":{"lastBranch":33,"lastFunction":16,"lastStatement":67,"seen":{"s:14:18:22:Infinity":0,"f:14:18:14:19":0,"b:15:2:15:Infinity:undefined:undefined:undefined:undefined":0,"s:15:2:15:Infinity":1,"s:15:33:15:Infinity":2,"b:16:2:16:Infinity:undefined:undefined:undefined:undefined":1,"s:16:2:16:Infinity":3,"s:16:32:16:Infinity":4,"b:17:2:20:Infinity:undefined:undefined:undefined:undefined":2,"s:17:2:20:Infinity":5,"s:18:14:18:Infinity":6,"s:19:4:19:Infinity":7,"b:19:11:19:27:19:27:19:40:19:40:19:53:19:53:19:Infinity":3,"s:21:2:21:Infinity":8,"s:24:14:24:Infinity":9,"f:24:14:24:15":1,"s:24:26:24:Infinity":10,"b:24:33:24:38:24:38:24:40":4,"s:26:28:38:Infinity":11,"f:26:28:26:29":2,"b:27:2:27:Infinity:undefined:undefined:undefined:undefined":5,"s:27:2:27:Infinity":12,"s:27:12:27:Infinity":13,"b:28:2:28:Infinity:undefined:undefined:undefined:undefined":6,"s:28:2:28:Infinity":14,"s:28:26:28:Infinity":15,"b:29:2:36:Infinity:undefined:undefined:undefined:undefined":7,"s:29:2:36:Infinity":16,"s:30:4:35:Infinity":17,"s:31:21:31:Infinity":18,"b:31:32:31:39:31:39:31:43":8,"s:32:6:32:Infinity":19,"b:32:37:32:46:32:46:32:Infinity":9,"s:34:6:34:Infinity":20,"s:37:2:37:Infinity":21,"s:40:28:52:Infinity":22,"f:40:28:40:29":3,"b:41:2:41:Infinity:undefined:undefined:undefined:undefined":10,"s:41:2:41:Infinity":23,"s:41:28:41:Infinity":24,"s:42:2:51:Infinity":25,"f:42:18:42:26":4,"s:43:22:43:Infinity":26,"b:44:4:49:Infinity:undefined:undefined:undefined:undefined":11,"s:44:4:49:Infinity":27,"b:44:8:44:40:44:40:44:62":12,"s:46:6:48:Infinity":28,"f:47:16:47:17":5,"s:47:28:47:50":29,"f:48:13:48:14":6,"s:48:25:48:52":30,"s:50:4:50:Infinity":31,"s:54:13:136:Infinity":32,"f:56:9:56:27":7,"s:56:27:62:Infinity":33,"f:64:21:64:30":8,"s:64:30:64:Infinity":34,"f:65:21:65:30":9,"s:65:21:65:Infinity":35,"f:66:21:66:30":10,"s:66:21:66:Infinity":36,"f:69:10:69:28":11,"s:70:4:127:Infinity":37,"s:71:12:71:Infinity":38,"s:72:24:72:Infinity":39,"b:72:24:72:46:72:46:72:Infinity":13,"s:74:23:74:Infinity":40,"s:75:25:75:Infinity":41,"b:75:25:75:44:75:44:75:57:75:57:75:64:75:64:75:Infinity":14,"s:78:20:78:Infinity":42,"b:78:54:78:99:78:99:78:Infinity":15,"b:78:67:78:92:78:92:78:99":16,"b:78:99:78:113:78:113:78:Infinity":17,"s:79:21:79:Infinity":43,"b:79:42:79:48:79:48:79:Infinity":18,"s:82:48:89:Infinity":44,"s:91:26:91:Infinity":45,"f:91:26:91:27":12,"s:91:45:91:Infinity":46,"b:91:52:91:78:91:78:91:Infinity":19,"s:93:23:121:Infinity":47,"f:93:32:93:33":13,"s:94:23:94:Infinity":48,"b:94:23:94:34:94:34:94:45:94:45:94:Infinity":20,"s:95:28:95:Infinity":49,"b:95:28:95:44:95:44:95:60:95:60:95:Infinity":21,"s:96:24:96:Infinity":50,"b:96:24:96:40:96:40:96:58:96:58:96:76:96:76:96:87:96:87:96:Infinity":22,"s:97:22:97:Infinity":51,"b:97:63:97:76:97:76:97:Infinity":23,"b:97:22:97:36:97:36:97:63":24,"s:99:29:99:Infinity":52,"b:99:29:99:69:99:69:99:85:99:85:99:Infinity":25,"b:103:10:103:Infinity:undefined:undefined:undefined:undefined":26,"s:103:10:103:Infinity":53,"s:103:36:103:Infinity":54,"b:104:10:104:Infinity:undefined:undefined:undefined:undefined":27,"s:104:10:104:Infinity":55,"s:104:30:104:69":56,"b:105:10:105:Infinity:undefined:undefined:undefined:undefined":28,"s:105:10:105:Infinity":57,"s:105:30:105:75":58,"b:106:10:106:Infinity:undefined:undefined:undefined:undefined":29,"s:106:10:106:Infinity":59,"s:106:29:106:70":60,"s:108:10:120:Infinity":61,"b:114:22:114:46:114:46:114:Infinity":30,"b:116:20:116:37:116:37:116:Infinity":31,"b:117:31:117:48:117:48:117:Infinity":32,"s:123:8:123:Infinity":62,"s:125:8:125:Infinity":63,"s:126:8:126:Infinity":64,"f:129:4:129:24":14,"s:130:6:130:Infinity":65,"f:132:10:132:23":15,"s:133:6:133:Infinity":66}}}
,"E:\\Projects\\nuoya-wealth\\src\\stores\\modules\\global.ts": {"path":"E:\\Projects\\nuoya-wealth\\src\\stores\\modules\\global.ts","statementMap":{"0":{"start":{"line":6,"column":13},"end":{"line":20,"column":null}},"1":{"start":{"line":7,"column":29},"end":{"line":9,"column":null}},"2":{"start":{"line":13,"column":6},"end":{"line":13,"column":null}},"3":{"start":{"line":16,"column":6},"end":{"line":16,"column":null}}},"fnMap":{"0":{"name":"(anonymous_0)","decl":{"start":{"line":7,"column":9},"end":{"line":7,"column":29}},"loc":{"start":{"line":7,"column":29},"end":{"line":9,"column":null}},"line":7},"1":{"name":"(anonymous_1)","decl":{"start":{"line":12,"column":4},"end":{"line":12,"column":21}},"loc":{"start":{"line":12,"column":21},"end":{"line":14,"column":null}},"line":12},"2":{"name":"(anonymous_2)","decl":{"start":{"line":15,"column":4},"end":{"line":15,"column":16}},"loc":{"start":{"line":15,"column":30},"end":{"line":17,"column":null}},"line":15}},"branchMap":{},"s":{"0":1,"1":3,"2":2,"3":2},"f":{"0":3,"1":2,"2":2},"b":{},"meta":{"lastBranch":0,"lastFunction":3,"lastStatement":4,"seen":{"s:6:13:20:Infinity":0,"f:7:9:7:29":0,"s:7:29:9:Infinity":1,"f:12:4:12:21":1,"s:13:6:13:Infinity":2,"f:15:4:15:16":2,"s:16:6:16:Infinity":3}}}
,"E:\\Projects\\nuoya-wealth\\src\\stores\\modules\\tabs.ts": {"path":"E:\\Projects\\nuoya-wealth\\src\\stores\\modules\\tabs.ts","statementMap":{"0":{"start":{"line":33,"column":13},"end":{"line":175,"column":null}},"1":{"start":{"line":34,"column":16},"end":{"line":36,"column":null}},"2":{"start":{"line":39,"column":19},"end":{"line":39,"column":null}},"3":{"start":{"line":40,"column":6},"end":{"line":40,"column":null}},"4":{"start":{"line":40,"column":74},"end":{"line":40,"column":null}},"5":{"start":{"line":41,"column":21},"end":{"line":41,"column":null}},"6":{"start":{"line":42,"column":6},"end":{"line":42,"column":null}},"7":{"start":{"line":47,"column":51},"end":{"line":47,"column":null}},"8":{"start":{"line":48,"column":6},"end":{"line":48,"column":null}},"9":{"start":{"line":48,"column":44},"end":{"line":48,"column":65}},"10":{"start":{"line":50,"column":12},"end":{"line":50,"column":null}},"11":{"start":{"line":51,"column":27},"end":{"line":61,"column":null}},"12":{"start":{"line":63,"column":6},"end":{"line":80,"column":null}},"13":{"start":{"line":64,"column":23},"end":{"line":64,"column":null}},"14":{"start":{"line":65,"column":21},"end":{"line":65,"column":null}},"15":{"start":{"line":67,"column":28},"end":{"line":70,"column":null}},"16":{"start":{"line":71,"column":8},"end":{"line":79,"column":null}},"17":{"start":{"line":84,"column":18},"end":{"line":84,"column":null}},"18":{"start":{"line":84,"column":48},"end":{"line":84,"column":59}},"19":{"start":{"line":85,"column":6},"end":{"line":85,"column":null}},"20":{"start":{"line":85,"column":22},"end":{"line":85,"column":null}},"21":{"start":{"line":86,"column":18},"end":{"line":86,"column":null}},"22":{"start":{"line":87,"column":6},"end":{"line":93,"column":null}},"23":{"start":{"line":97,"column":18},"end":{"line":97,"column":null}},"24":{"start":{"line":97,"column":48},"end":{"line":97,"column":59}},"25":{"start":{"line":98,"column":6},"end":{"line":98,"column":null}},"26":{"start":{"line":98,"column":22},"end":{"line":98,"column":null}},"27":{"start":{"line":99,"column":18},"end":{"line":99,"column":null}},"28":{"start":{"line":101,"column":6},"end":{"line":103,"column":null}},"29":{"start":{"line":102,"column":8},"end":{"line":102,"column":null}},"30":{"start":{"line":104,"column":6},"end":{"line":109,"column":null}},"31":{"start":{"line":113,"column":6},"end":{"line":124,"column":null}},"32":{"start":{"line":113,"column":36},"end":{"line":113,"column":51}},"33":{"start":{"line":114,"column":29},"end":{"line":122,"column":null}},"34":{"start":{"line":123,"column":8},"end":{"line":123,"column":null}},"35":{"start":{"line":128,"column":6},"end":{"line":132,"column":null}},"36":{"start":{"line":128,"column":42},"end":{"line":128,"column":null}},"37":{"start":{"line":130,"column":20},"end":{"line":130,"column":null}},"38":{"start":{"line":130,"column":50},"end":{"line":130,"column":72}},"39":{"start":{"line":131,"column":8},"end":{"line":131,"column":null}},"40":{"start":{"line":131,"column":22},"end":{"line":131,"column":null}},"41":{"start":{"line":141,"column":28},"end":{"line":149,"column":null}},"42":{"start":{"line":143,"column":62},"end":{"line":148,"column":12}},"43":{"start":{"line":150,"column":8},"end":{"line":150,"column":null}},"44":{"start":{"line":153,"column":22},"end":{"line":153,"column":null}},"45":{"start":{"line":154,"column":14},"end":{"line":154,"column":null}},"46":{"start":{"line":156,"column":8},"end":{"line":170,"column":null}},"47":{"start":{"line":156,"column":67},"end":{"line":170,"column":10}},"48":{"start":{"line":171,"column":8},"end":{"line":171,"column":null}}},"fnMap":{"0":{"name":"(anonymous_0)","decl":{"start":{"line":34,"column":9},"end":{"line":34,"column":16}},"loc":{"start":{"line":34,"column":16},"end":{"line":36,"column":null}},"line":34},"1":{"name":"(anonymous_1)","decl":{"start":{"line":38,"column":4},"end":{"line":38,"column":12}},"loc":{"start":{"line":38,"column":38},"end":{"line":43,"column":null}},"line":38},"2":{"name":"(anonymous_2)","decl":{"start":{"line":46,"column":4},"end":{"line":46,"column":12}},"loc":{"start":{"line":46,"column":30},"end":{"line":81,"column":null}},"line":46},"3":{"name":"(anonymous_3)","decl":{"start":{"line":48,"column":37},"end":{"line":48,"column":42}},"loc":{"start":{"line":48,"column":42},"end":{"line":48,"column":66}},"line":48},"4":{"name":"(anonymous_4)","decl":{"start":{"line":63,"column":32},"end":{"line":63,"column":37}},"loc":{"start":{"line":63,"column":37},"end":{"line":80,"column":7}},"line":63},"5":{"name":"(anonymous_5)","decl":{"start":{"line":83,"column":4},"end":{"line":83,"column":15}},"loc":{"start":{"line":83,"column":111},"end":{"line":94,"column":null}},"line":83},"6":{"name":"(anonymous_6)","decl":{"start":{"line":84,"column":43},"end":{"line":84,"column":48}},"loc":{"start":{"line":84,"column":48},"end":{"line":84,"column":59}},"line":84},"7":{"name":"(anonymous_7)","decl":{"start":{"line":96,"column":4},"end":{"line":96,"column":16}},"loc":{"start":{"line":96,"column":81},"end":{"line":110,"column":null}},"line":96},"8":{"name":"(anonymous_8)","decl":{"start":{"line":97,"column":43},"end":{"line":97,"column":48}},"loc":{"start":{"line":97,"column":48},"end":{"line":97,"column":59}},"line":97},"9":{"name":"(anonymous_9)","decl":{"start":{"line":112,"column":4},"end":{"line":112,"column":11}},"loc":{"start":{"line":112,"column":26},"end":{"line":125,"column":null}},"line":112},"10":{"name":"(anonymous_10)","decl":{"start":{"line":113,"column":31},"end":{"line":113,"column":36}},"loc":{"start":{"line":113,"column":36},"end":{"line":113,"column":51}},"line":113},"11":{"name":"(anonymous_11)","decl":{"start":{"line":127,"column":4},"end":{"line":127,"column":14}},"loc":{"start":{"line":127,"column":45},"end":{"line":133,"column":null}},"line":127},"12":{"name":"(anonymous_12)","decl":{"start":{"line":130,"column":45},"end":{"line":130,"column":50}},"loc":{"start":{"line":130,"column":50},"end":{"line":130,"column":72}},"line":130},"13":{"name":"(anonymous_13)","decl":{"start":{"line":139,"column":17},"end":{"line":139,"column":18}},"loc":{"start":{"line":139,"column":33},"end":{"line":151,"column":null}},"line":139},"14":{"name":"(anonymous_14)","decl":{"start":{"line":143,"column":49},"end":{"line":143,"column":50}},"loc":{"start":{"line":143,"column":62},"end":{"line":148,"column":12}},"line":143},"15":{"name":"(anonymous_15)","decl":{"start":{"line":152,"column":19},"end":{"line":152,"column":20}},"loc":{"start":{"line":152,"column":38},"end":{"line":172,"column":null}},"line":152},"16":{"name":"(anonymous_16)","decl":{"start":{"line":156,"column":54},"end":{"line":156,"column":55}},"loc":{"start":{"line":156,"column":67},"end":{"line":170,"column":10}},"line":156}},"branchMap":{"0":{"loc":{"start":{"line":40,"column":6},"end":{"line":40,"column":null}},"type":"if","locations":[{"start":{"line":40,"column":6},"end":{"line":40,"column":null}},{"start":{},"end":{}}],"line":40},"1":{"loc":{"start":{"line":40,"column":10},"end":{"line":40,"column":74}},"type":"binary-expr","locations":[{"start":{"line":40,"column":10},"end":{"line":40,"column":22}},{"start":{"line":40,"column":22},"end":{"line":40,"column":32}},{"start":{"line":40,"column":32},"end":{"line":40,"column":55}},{"start":{"line":40,"column":55},"end":{"line":40,"column":74}}],"line":40},"2":{"loc":{"start":{"line":48,"column":7},"end":{"line":48,"column":29}},"type":"binary-expr","locations":[{"start":{"line":48,"column":7},"end":{"line":48,"column":25}},{"start":{"line":48,"column":25},"end":{"line":48,"column":29}}],"line":48},"3":{"loc":{"start":{"line":69,"column":18},"end":{"line":69,"column":null}},"type":"binary-expr","locations":[{"start":{"line":69,"column":18},"end":{"line":69,"column":43}},{"start":{"line":69,"column":43},"end":{"line":69,"column":null}}],"line":69},"4":{"loc":{"start":{"line":73,"column":19},"end":{"line":73,"column":null}},"type":"binary-expr","locations":[{"start":{"line":73,"column":19},"end":{"line":73,"column":38}},{"start":{"line":73,"column":38},"end":{"line":73,"column":54}},{"start":{"line":73,"column":54},"end":{"line":73,"column":null}}],"line":73},"5":{"loc":{"start":{"line":74,"column":20},"end":{"line":74,"column":null}},"type":"binary-expr","locations":[{"start":{"line":74,"column":20},"end":{"line":74,"column":40}},{"start":{"line":74,"column":40},"end":{"line":74,"column":57}},{"start":{"line":74,"column":57},"end":{"line":74,"column":null}}],"line":74},"6":{"loc":{"start":{"line":75,"column":17},"end":{"line":75,"column":null}},"type":"binary-expr","locations":[{"start":{"line":75,"column":17},"end":{"line":75,"column":34}},{"start":{"line":75,"column":34},"end":{"line":75,"column":48}},{"start":{"line":75,"column":48},"end":{"line":75,"column":null}}],"line":75},"7":{"loc":{"start":{"line":77,"column":20},"end":{"line":77,"column":null}},"type":"binary-expr","locations":[{"start":{"line":77,"column":20},"end":{"line":77,"column":40}},{"start":{"line":77,"column":40},"end":{"line":77,"column":57}},{"start":{"line":77,"column":57},"end":{"line":77,"column":null}}],"line":77},"8":{"loc":{"start":{"line":78,"column":22},"end":{"line":78,"column":null}},"type":"binary-expr","locations":[{"start":{"line":78,"column":22},"end":{"line":78,"column":44}},{"start":{"line":78,"column":44},"end":{"line":78,"column":63}},{"start":{"line":78,"column":63},"end":{"line":78,"column":null}}],"line":78},"9":{"loc":{"start":{"line":85,"column":6},"end":{"line":85,"column":null}},"type":"if","locations":[{"start":{"line":85,"column":6},"end":{"line":85,"column":null}},{"start":{},"end":{}}],"line":85},"10":{"loc":{"start":{"line":89,"column":18},"end":{"line":89,"column":null}},"type":"binary-expr","locations":[{"start":{"line":89,"column":18},"end":{"line":89,"column":38}},{"start":{"line":89,"column":38},"end":{"line":89,"column":54}},{"start":{"line":89,"column":54},"end":{"line":89,"column":null}}],"line":89},"11":{"loc":{"start":{"line":90,"column":15},"end":{"line":90,"column":null}},"type":"binary-expr","locations":[{"start":{"line":90,"column":15},"end":{"line":90,"column":32}},{"start":{"line":90,"column":32},"end":{"line":90,"column":45}},{"start":{"line":90,"column":45},"end":{"line":90,"column":null}}],"line":90},"12":{"loc":{"start":{"line":91,"column":17},"end":{"line":91,"column":null}},"type":"binary-expr","locations":[{"start":{"line":91,"column":17},"end":{"line":91,"column":36}},{"start":{"line":91,"column":36},"end":{"line":91,"column":51}},{"start":{"line":91,"column":51},"end":{"line":91,"column":null}}],"line":91},"13":{"loc":{"start":{"line":92,"column":18},"end":{"line":92,"column":null}},"type":"binary-expr","locations":[{"start":{"line":92,"column":18},"end":{"line":92,"column":38}},{"start":{"line":92,"column":38},"end":{"line":92,"column":54}},{"start":{"line":92,"column":54},"end":{"line":92,"column":null}}],"line":92},"14":{"loc":{"start":{"line":96,"column":63},"end":{"line":96,"column":81}},"type":"default-arg","locations":[{"start":{"line":96,"column":75},"end":{"line":96,"column":81}}],"line":96},"15":{"loc":{"start":{"line":98,"column":6},"end":{"line":98,"column":null}},"type":"if","locations":[{"start":{"line":98,"column":6},"end":{"line":98,"column":null}},{"start":{},"end":{}}],"line":98},"16":{"loc":{"start":{"line":101,"column":6},"end":{"line":103,"column":null}},"type":"if","locations":[{"start":{"line":101,"column":6},"end":{"line":103,"column":null}},{"start":{},"end":{}}],"line":101},"17":{"loc":{"start":{"line":106,"column":21},"end":{"line":106,"column":39}},"type":"binary-expr","locations":[{"start":{"line":106,"column":21},"end":{"line":106,"column":34}},{"start":{"line":106,"column":34},"end":{"line":106,"column":39}}],"line":106},"18":{"loc":{"start":{"line":107,"column":17},"end":{"line":107,"column":null}},"type":"cond-expr","locations":[{"start":{"line":107,"column":29},"end":{"line":107,"column":33}},{"start":{"line":107,"column":33},"end":{"line":107,"column":null}}],"line":107},"19":{"loc":{"start":{"line":107,"column":33},"end":{"line":107,"column":null}},"type":"binary-expr","locations":[{"start":{"line":107,"column":33},"end":{"line":107,"column":48}},{"start":{"line":107,"column":48},"end":{"line":107,"column":null}}],"line":107},"20":{"loc":{"start":{"line":108,"column":20},"end":{"line":108,"column":null}},"type":"binary-expr","locations":[{"start":{"line":108,"column":20},"end":{"line":108,"column":38}},{"start":{"line":108,"column":38},"end":{"line":108,"column":null}}],"line":108},"21":{"loc":{"start":{"line":113,"column":6},"end":{"line":124,"column":null}},"type":"if","locations":[{"start":{"line":113,"column":6},"end":{"line":124,"column":null}},{"start":{},"end":{}}],"line":113},"22":{"loc":{"start":{"line":116,"column":19},"end":{"line":116,"column":null}},"type":"binary-expr","locations":[{"start":{"line":116,"column":19},"end":{"line":116,"column":34}},{"start":{"line":116,"column":34},"end":{"line":116,"column":null}}],"line":116},"23":{"loc":{"start":{"line":117,"column":20},"end":{"line":117,"column":null}},"type":"binary-expr","locations":[{"start":{"line":117,"column":20},"end":{"line":117,"column":36}},{"start":{"line":117,"column":36},"end":{"line":117,"column":null}}],"line":117},"24":{"loc":{"start":{"line":118,"column":17},"end":{"line":118,"column":null}},"type":"binary-expr","locations":[{"start":{"line":118,"column":17},"end":{"line":118,"column":30}},{"start":{"line":118,"column":30},"end":{"line":118,"column":null}}],"line":118},"25":{"loc":{"start":{"line":119,"column":17},"end":{"line":119,"column":null}},"type":"binary-expr","locations":[{"start":{"line":119,"column":17},"end":{"line":119,"column":30}},{"start":{"line":119,"column":30},"end":{"line":119,"column":null}}],"line":119},"26":{"loc":{"start":{"line":120,"column":20},"end":{"line":120,"column":null}},"type":"binary-expr","locations":[{"start":{"line":120,"column":20},"end":{"line":120,"column":36}},{"start":{"line":120,"column":36},"end":{"line":120,"column":null}}],"line":120},"27":{"loc":{"start":{"line":121,"column":22},"end":{"line":121,"column":null}},"type":"binary-expr","locations":[{"start":{"line":121,"column":22},"end":{"line":121,"column":40}},{"start":{"line":121,"column":40},"end":{"line":121,"column":null}}],"line":121},"28":{"loc":{"start":{"line":128,"column":6},"end":{"line":132,"column":null}},"type":"if","locations":[{"start":{"line":128,"column":6},"end":{"line":132,"column":null}},{"start":{"line":129,"column":11},"end":{"line":132,"column":null}}],"line":128},"29":{"loc":{"start":{"line":131,"column":8},"end":{"line":131,"column":null}},"type":"if","locations":[{"start":{"line":131,"column":8},"end":{"line":131,"column":null}},{"start":{},"end":{}}],"line":131},"30":{"loc":{"start":{"line":143,"column":22},"end":{"line":143,"column":45}},"type":"binary-expr","locations":[{"start":{"line":143,"column":22},"end":{"line":143,"column":41}},{"start":{"line":143,"column":41},"end":{"line":143,"column":45}}],"line":143},"31":{"loc":{"start":{"line":146,"column":22},"end":{"line":146,"column":null}},"type":"binary-expr","locations":[{"start":{"line":146,"column":22},"end":{"line":146,"column":41}},{"start":{"line":146,"column":41},"end":{"line":146,"column":null}}],"line":146},"32":{"loc":{"start":{"line":156,"column":27},"end":{"line":156,"column":50}},"type":"binary-expr","locations":[{"start":{"line":156,"column":27},"end":{"line":156,"column":46}},{"start":{"line":156,"column":46},"end":{"line":156,"column":50}}],"line":156},"33":{"loc":{"start":{"line":158,"column":20},"end":{"line":158,"column":null}},"type":"cond-expr","locations":[{"start":{"line":158,"column":40},"end":{"line":158,"column":45}},{"start":{"line":158,"column":45},"end":{"line":158,"column":null}}],"line":158},"34":{"loc":{"start":{"line":168,"column":20},"end":{"line":168,"column":null}},"type":"binary-expr","locations":[{"start":{"line":168,"column":20},"end":{"line":168,"column":39}},{"start":{"line":168,"column":39},"end":{"line":168,"column":null}}],"line":168}},"s":{"0":1,"1":16,"2":3,"3":3,"4":2,"5":1,"6":1,"7":12,"8":12,"9":0,"10":12,"11":12,"12":12,"13":18,"14":18,"15":18,"16":18,"17":2,"18":2,"19":2,"20":1,"21":1,"22":1,"23":3,"24":3,"25":3,"26":1,"27":2,"28":2,"29":0,"30":2,"31":4,"32":1,"33":3,"34":3,"35":3,"36":1,"37":2,"38":2,"39":2,"40":1,"41":0,"42":0,"43":0,"44":0,"45":0,"46":0,"47":0,"48":0},"f":{"0":16,"1":3,"2":12,"3":0,"4":18,"5":2,"6":2,"7":3,"8":3,"9":4,"10":1,"11":3,"12":2,"13":0,"14":0,"15":0,"16":0},"b":{"0":[2,1],"1":[3,2,2,2],"2":[12,0],"3":[18,18],"4":[18,18,0],"5":[18,18,0],"6":[18,18,0],"7":[18,18,17],"8":[18,18,18],"9":[1,1],"10":[1,0,0],"11":[2,0,0],"12":[2,0,0],"13":[2,0,0],"14":[3],"15":[1,2],"16":[0,2],"17":[2,0],"18":[1,1],"19":[1,0],"20":[3,0],"21":[3,1],"22":[3,1],"23":[3,1],"24":[3,1],"25":[3,1],"26":[3,3],"27":[3,3],"28":[1,2],"29":[1,1],"30":[0,0],"31":[0,0],"32":[0,0],"33":[0,0],"34":[0,0]},"meta":{"lastBranch":35,"lastFunction":17,"lastStatement":49,"seen":{"s:33:13:175:Infinity":0,"f:34:9:34:16":0,"s:34:16:36:Infinity":1,"f:38:4:38:12":1,"s:39:19:39:Infinity":2,"b:40:6:40:Infinity:undefined:undefined:undefined:undefined":0,"s:40:6:40:Infinity":3,"b:40:10:40:22:40:22:40:32:40:32:40:55:40:55:40:74":1,"s:40:74:40:Infinity":4,"s:41:21:41:Infinity":5,"s:42:6:42:Infinity":6,"f:46:4:46:12":2,"s:47:51:47:Infinity":7,"s:48:6:48:Infinity":8,"b:48:7:48:25:48:25:48:29":2,"f:48:37:48:42":3,"s:48:44:48:65":9,"s:50:12:50:Infinity":10,"s:51:27:61:Infinity":11,"s:63:6:80:Infinity":12,"f:63:32:63:37":4,"s:64:23:64:Infinity":13,"s:65:21:65:Infinity":14,"s:67:28:70:Infinity":15,"b:69:18:69:43:69:43:69:Infinity":3,"s:71:8:79:Infinity":16,"b:73:19:73:38:73:38:73:54:73:54:73:Infinity":4,"b:74:20:74:40:74:40:74:57:74:57:74:Infinity":5,"b:75:17:75:34:75:34:75:48:75:48:75:Infinity":6,"b:77:20:77:40:77:40:77:57:77:57:77:Infinity":7,"b:78:22:78:44:78:44:78:63:78:63:78:Infinity":8,"f:83:4:83:15":5,"s:84:18:84:Infinity":17,"f:84:43:84:48":6,"s:84:48:84:59":18,"b:85:6:85:Infinity:undefined:undefined:undefined:undefined":9,"s:85:6:85:Infinity":19,"s:85:22:85:Infinity":20,"s:86:18:86:Infinity":21,"s:87:6:93:Infinity":22,"b:89:18:89:38:89:38:89:54:89:54:89:Infinity":10,"b:90:15:90:32:90:32:90:45:90:45:90:Infinity":11,"b:91:17:91:36:91:36:91:51:91:51:91:Infinity":12,"b:92:18:92:38:92:38:92:54:92:54:92:Infinity":13,"f:96:4:96:16":7,"b:96:75:96:81":14,"s:97:18:97:Infinity":23,"f:97:43:97:48":8,"s:97:48:97:59":24,"b:98:6:98:Infinity:undefined:undefined:undefined:undefined":15,"s:98:6:98:Infinity":25,"s:98:22:98:Infinity":26,"s:99:18:99:Infinity":27,"b:101:6:103:Infinity:undefined:undefined:undefined:undefined":16,"s:101:6:103:Infinity":28,"s:102:8:102:Infinity":29,"s:104:6:109:Infinity":30,"b:106:21:106:34:106:34:106:39":17,"b:107:29:107:33:107:33:107:Infinity":18,"b:107:33:107:48:107:48:107:Infinity":19,"b:108:20:108:38:108:38:108:Infinity":20,"f:112:4:112:11":9,"b:113:6:124:Infinity:undefined:undefined:undefined:undefined":21,"s:113:6:124:Infinity":31,"f:113:31:113:36":10,"s:113:36:113:51":32,"s:114:29:122:Infinity":33,"b:116:19:116:34:116:34:116:Infinity":22,"b:117:20:117:36:117:36:117:Infinity":23,"b:118:17:118:30:118:30:118:Infinity":24,"b:119:17:119:30:119:30:119:Infinity":25,"b:120:20:120:36:120:36:120:Infinity":26,"b:121:22:121:40:121:40:121:Infinity":27,"s:123:8:123:Infinity":34,"f:127:4:127:14":11,"b:128:6:132:Infinity:129:11:132:Infinity":28,"s:128:6:132:Infinity":35,"s:128:42:128:Infinity":36,"s:130:20:130:Infinity":37,"f:130:45:130:50":12,"s:130:50:130:72":38,"b:131:8:131:Infinity:undefined:undefined:undefined:undefined":29,"s:131:8:131:Infinity":39,"s:131:22:131:Infinity":40,"f:139:17:139:18":13,"s:141:28:149:Infinity":41,"b:143:22:143:41:143:41:143:45":30,"f:143:49:143:50":14,"s:143:62:148:12":42,"b:146:22:146:41:146:41:146:Infinity":31,"s:150:8:150:Infinity":43,"f:152:19:152:20":15,"s:153:22:153:Infinity":44,"s:154:14:154:Infinity":45,"s:156:8:170:Infinity":46,"b:156:27:156:46:156:46:156:50":32,"f:156:54:156:55":16,"s:156:67:170:10":47,"b:158:40:158:45:158:45:158:Infinity":33,"b:168:20:168:39:168:39:168:Infinity":34,"s:171:8:171:Infinity":48}}}
,"E:\\Projects\\nuoya-wealth\\src\\stores\\modules\\user.ts": {"path":"E:\\Projects\\nuoya-wealth\\src\\stores\\modules\\user.ts","statementMap":{"0":{"start":{"line":17,"column":13},"end":{"line":73,"column":null}},"1":{"start":{"line":21,"column":12},"end":{"line":25,"column":null}},"2":{"start":{"line":31,"column":16},"end":{"line":31,"column":null}},"3":{"start":{"line":35,"column":16},"end":{"line":35,"column":null}},"4":{"start":{"line":39,"column":16},"end":{"line":39,"column":null}},"5":{"start":{"line":47,"column":16},"end":{"line":47,"column":null}},"6":{"start":{"line":48,"column":16},"end":{"line":54,"column":null}},"7":{"start":{"line":58,"column":16},"end":{"line":58,"column":null}},"8":{"start":{"line":65,"column":16},"end":{"line":68,"column":null}},"9":{"start":{"line":66,"column":20},"end":{"line":66,"column":null}},"10":{"start":{"line":67,"column":20},"end":{"line":67,"column":null}}},"fnMap":{"0":{"name":"(anonymous_0)","decl":{"start":{"line":20,"column":15},"end":{"line":20,"column":21}},"loc":{"start":{"line":20,"column":21},"end":{"line":26,"column":null}},"line":20},"1":{"name":"(anonymous_1)","decl":{"start":{"line":30,"column":12},"end":{"line":30,"column":21}},"loc":{"start":{"line":30,"column":36},"end":{"line":32,"column":null}},"line":30},"2":{"name":"(anonymous_2)","decl":{"start":{"line":34,"column":12},"end":{"line":34,"column":24}},"loc":{"start":{"line":34,"column":57},"end":{"line":36,"column":null}},"line":34},"3":{"name":"(anonymous_3)","decl":{"start":{"line":38,"column":12},"end":{"line":38,"column":27}},"loc":{"start":{"line":38,"column":68},"end":{"line":40,"column":null}},"line":38},"4":{"name":"(anonymous_4)","decl":{"start":{"line":43,"column":12},"end":{"line":43,"column":21}},"loc":{"start":{"line":43,"column":21},"end":{"line":55,"column":null}},"line":43},"5":{"name":"(anonymous_5)","decl":{"start":{"line":56,"column":12},"end":{"line":56,"column":30}},"loc":{"start":{"line":56,"column":30},"end":{"line":62,"column":null}},"line":56},"6":{"name":"(anonymous_6)","decl":{"start":{"line":64,"column":12},"end":{"line":64,"column":29}},"loc":{"start":{"line":64,"column":29},"end":{"line":69,"column":null}},"line":64}},"branchMap":{"0":{"loc":{"start":{"line":65,"column":16},"end":{"line":68,"column":null}},"type":"if","locations":[{"start":{"line":65,"column":16},"end":{"line":68,"column":null}},{"start":{},"end":{}}],"line":65}},"s":{"0":2,"1":14,"2":2,"3":3,"4":1,"5":1,"6":1,"7":0,"8":1,"9":0,"10":0},"f":{"0":14,"1":2,"2":3,"3":1,"4":1,"5":0,"6":1},"b":{"0":[0,1]},"meta":{"lastBranch":1,"lastFunction":7,"lastStatement":11,"seen":{"s:17:13:73:Infinity":0,"f:20:15:20:21":0,"s:21:12:25:Infinity":1,"f:30:12:30:21":1,"s:31:16:31:Infinity":2,"f:34:12:34:24":2,"s:35:16:35:Infinity":3,"f:38:12:38:27":3,"s:39:16:39:Infinity":4,"f:43:12:43:21":4,"s:47:16:47:Infinity":5,"s:48:16:54:Infinity":6,"f:56:12:56:30":5,"s:58:16:58:Infinity":7,"f:64:12:64:29":6,"b:65:16:68:Infinity:undefined:undefined:undefined:undefined":0,"s:65:16:68:Infinity":8,"s:66:20:66:Infinity":9,"s:67:20:67:Infinity":10}}}
,"E:\\Projects\\nuoya-wealth\\src\\utils\\downloadFile.ts": {"path":"E:\\Projects\\nuoya-wealth\\src\\utils\\downloadFile.ts","statementMap":{"0":{"start":{"line":6,"column":2},"end":{"line":6,"column":null}},"1":{"start":{"line":6,"column":17},"end":{"line":6,"column":null}},"2":{"start":{"line":8,"column":19},"end":{"line":8,"column":null}},"3":{"start":{"line":10,"column":18},"end":{"line":10,"column":null}},"4":{"start":{"line":12,"column":14},"end":{"line":12,"column":null}},"5":{"start":{"line":15,"column":15},"end":{"line":15,"column":null}},"6":{"start":{"line":16,"column":2},"end":{"line":16,"column":null}},"7":{"start":{"line":17,"column":2},"end":{"line":17,"column":null}},"8":{"start":{"line":18,"column":2},"end":{"line":18,"column":null}},"9":{"start":{"line":19,"column":2},"end":{"line":19,"column":null}},"10":{"start":{"line":20,"column":2},"end":{"line":20,"column":null}},"11":{"start":{"line":21,"column":2},"end":{"line":21,"column":null}},"12":{"start":{"line":25,"column":26},"end":{"line":38,"column":null}},"13":{"start":{"line":26,"column":15},"end":{"line":28,"column":null}},"14":{"start":{"line":29,"column":12},"end":{"line":29,"column":null}},"15":{"start":{"line":30,"column":14},"end":{"line":30,"column":null}},"16":{"start":{"line":31,"column":15},"end":{"line":31,"column":null}},"17":{"start":{"line":32,"column":2},"end":{"line":32,"column":null}},"18":{"start":{"line":33,"column":2},"end":{"line":33,"column":null}},"19":{"start":{"line":34,"column":2},"end":{"line":34,"column":null}},"20":{"start":{"line":35,"column":2},"end":{"line":35,"column":null}},"21":{"start":{"line":36,"column":2},"end":{"line":36,"column":null}},"22":{"start":{"line":37,"column":2},"end":{"line":37,"column":null}},"23":{"start":{"line":41,"column":26},"end":{"line":87,"column":null}},"24":{"start":{"line":42,"column":20},"end":{"line":83,"column":null}},"25":{"start":{"line":85,"column":14},"end":{"line":85,"column":null}},"26":{"start":{"line":86,"column":2},"end":{"line":86,"column":null}},"27":{"start":{"line":90,"column":38},"end":{"line":93,"column":null}},"28":{"start":{"line":91,"column":14},"end":{"line":91,"column":null}},"29":{"start":{"line":92,"column":2},"end":{"line":92,"column":null}}},"fnMap":{"0":{"name":"downloadFile","decl":{"start":{"line":5,"column":47},"end":{"line":5,"column":null}},"loc":{"start":{"line":5,"column":47},"end":{"line":22,"column":null}},"line":5},"1":{"name":"(anonymous_1)","decl":{"start":{"line":25,"column":26},"end":{"line":25,"column":27}},"loc":{"start":{"line":25,"column":51},"end":{"line":38,"column":null}},"line":25},"2":{"name":"(anonymous_2)","decl":{"start":{"line":41,"column":26},"end":{"line":41,"column":27}},"loc":{"start":{"line":41,"column":40},"end":{"line":87,"column":null}},"line":41},"3":{"name":"(anonymous_3)","decl":{"start":{"line":90,"column":38},"end":{"line":90,"column":39}},"loc":{"start":{"line":90,"column":51},"end":{"line":93,"column":null}},"line":90}},"branchMap":{"0":{"loc":{"start":{"line":6,"column":2},"end":{"line":6,"column":null}},"type":"if","locations":[{"start":{"line":6,"column":2},"end":{"line":6,"column":null}},{"start":{},"end":{}}],"line":6},"1":{"loc":{"start":{"line":12,"column":14},"end":{"line":12,"column":null}},"type":"cond-expr","locations":[{"start":{"line":12,"column":41},"end":{"line":12,"column":62}},{"start":{"line":12,"column":62},"end":{"line":12,"column":null}}],"line":12},"2":{"loc":{"start":{"line":30,"column":14},"end":{"line":30,"column":null}},"type":"binary-expr","locations":[{"start":{"line":30,"column":14},"end":{"line":30,"column":28}},{"start":{"line":30,"column":28},"end":{"line":30,"column":null}}],"line":30},"3":{"loc":{"start":{"line":86,"column":9},"end":{"line":86,"column":null}},"type":"binary-expr","locations":[{"start":{"line":86,"column":9},"end":{"line":86,"column":27}},{"start":{"line":86,"column":27},"end":{"line":86,"column":null}}],"line":86}},"s":{"0":2,"1":1,"2":1,"3":1,"4":2,"5":2,"6":2,"7":2,"8":2,"9":2,"10":2,"11":2,"12":1,"13":1,"14":1,"15":1,"16":1,"17":1,"18":1,"19":1,"20":1,"21":1,"22":1,"23":1,"24":17,"25":17,"26":17,"27":1,"28":5,"29":5},"f":{"0":2,"1":1,"2":17,"3":5},"b":{"0":[1,1],"1":[0,1],"2":[1,0],"3":[17,1]},"meta":{"lastBranch":4,"lastFunction":4,"lastStatement":30,"seen":{"f:5:47:5:Infinity":0,"b:6:2:6:Infinity:undefined:undefined:undefined:undefined":0,"s:6:2:6:Infinity":0,"s:6:17:6:Infinity":1,"s:8:19:8:Infinity":2,"s:10:18:10:Infinity":3,"s:12:14:12:Infinity":4,"b:12:41:12:62:12:62:12:Infinity":1,"s:15:15:15:Infinity":5,"s:16:2:16:Infinity":6,"s:17:2:17:Infinity":7,"s:18:2:18:Infinity":8,"s:19:2:19:Infinity":9,"s:20:2:20:Infinity":10,"s:21:2:21:Infinity":11,"s:25:26:38:Infinity":12,"f:25:26:25:27":1,"s:26:15:28:Infinity":13,"s:29:12:29:Infinity":14,"s:30:14:30:Infinity":15,"b:30:14:30:28:30:28:30:Infinity":2,"s:31:15:31:Infinity":16,"s:32:2:32:Infinity":17,"s:33:2:33:Infinity":18,"s:34:2:34:Infinity":19,"s:35:2:35:Infinity":20,"s:36:2:36:Infinity":21,"s:37:2:37:Infinity":22,"s:41:26:87:Infinity":23,"f:41:26:41:27":2,"s:42:20:83:Infinity":24,"s:85:14:85:Infinity":25,"s:86:2:86:Infinity":26,"b:86:9:86:27:86:27:86:Infinity":3,"s:90:38:93:Infinity":27,"f:90:38:90:39":3,"s:91:14:91:Infinity":28,"s:92:2:92:Infinity":29}}}
,"E:\\Projects\\nuoya-wealth\\src\\utils\\index.ts": {"path":"E:\\Projects\\nuoya-wealth\\src\\utils\\index.ts","statementMap":{"0":{"start":{"line":10,"column":40},"end":{"line":10,"column":null}},"1":{"start":{"line":11,"column":2},"end":{"line":11,"column":null}},"2":{"start":{"line":11,"column":37},"end":{"line":11,"column":101}},"3":{"start":{"line":21,"column":40},"end":{"line":21,"column":null}},"4":{"start":{"line":22,"column":2},"end":{"line":25,"column":null}},"5":{"start":{"line":23,"column":4},"end":{"line":23,"column":null}},"6":{"start":{"line":24,"column":4},"end":{"line":24,"column":null}},"7":{"start":{"line":30,"column":26},"end":{"line":37,"column":null}},"8":{"start":{"line":31,"column":2},"end":{"line":31,"column":null}},"9":{"start":{"line":31,"column":19},"end":{"line":31,"column":null}},"10":{"start":{"line":32,"column":15},"end":{"line":32,"column":null}},"11":{"start":{"line":33,"column":15},"end":{"line":33,"column":null}},"12":{"start":{"line":34,"column":16},"end":{"line":34,"column":null}},"13":{"start":{"line":35,"column":14},"end":{"line":35,"column":null}},"14":{"start":{"line":36,"column":2},"end":{"line":36,"column":null}},"15":{"start":{"line":39,"column":26},"end":{"line":46,"column":null}},"16":{"start":{"line":40,"column":2},"end":{"line":40,"column":null}},"17":{"start":{"line":40,"column":19},"end":{"line":40,"column":null}},"18":{"start":{"line":41,"column":15},"end":{"line":41,"column":null}},"19":{"start":{"line":42,"column":15},"end":{"line":42,"column":null}},"20":{"start":{"line":43,"column":17},"end":{"line":43,"column":null}},"21":{"start":{"line":44,"column":17},"end":{"line":44,"column":null}},"22":{"start":{"line":45,"column":2},"end":{"line":45,"column":null}},"23":{"start":{"line":49,"column":20},"end":{"line":56,"column":null}},"24":{"start":{"line":59,"column":39},"end":{"line":62,"column":null}},"25":{"start":{"line":71,"column":2},"end":{"line":95,"column":null}},"26":{"start":{"line":72,"column":17},"end":{"line":72,"column":null}},"27":{"start":{"line":73,"column":4},"end":{"line":94,"column":null}},"28":{"start":{"line":73,"column":17},"end":{"line":73,"column":20}},"29":{"start":{"line":74,"column":19},"end":{"line":74,"column":null}},"30":{"start":{"line":77,"column":6},"end":{"line":77,"column":null}},"31":{"start":{"line":77,"column":62},"end":{"line":77,"column":null}},"32":{"start":{"line":79,"column":23},"end":{"line":90,"column":null}},"33":{"start":{"line":80,"column":8},"end":{"line":88,"column":null}},"34":{"start":{"line":81,"column":10},"end":{"line":87,"column":null}},"35":{"start":{"line":82,"column":12},"end":{"line":82,"column":null}},"36":{"start":{"line":82,"column":29},"end":{"line":82,"column":null}},"37":{"start":{"line":84,"column":28},"end":{"line":85,"column":null}},"38":{"start":{"line":86,"column":12},"end":{"line":86,"column":null}},"39":{"start":{"line":86,"column":48},"end":{"line":86,"column":null}},"40":{"start":{"line":89,"column":8},"end":{"line":89,"column":null}},"41":{"start":{"line":91,"column":6},"end":{"line":93,"column":null}},"42":{"start":{"line":92,"column":8},"end":{"line":92,"column":null}},"43":{"start":{"line":96,"column":2},"end":{"line":96,"column":null}},"44":{"start":{"line":104,"column":35},"end":{"line":123,"column":null}},"45":{"start":{"line":105,"column":14},"end":{"line":105,"column":null}},"46":{"start":{"line":107,"column":20},"end":{"line":107,"column":null}},"47":{"start":{"line":109,"column":18},"end":{"line":109,"column":null}},"48":{"start":{"line":112,"column":25},"end":{"line":120,"column":null}},"49":{"start":{"line":113,"column":17},"end":{"line":113,"column":null}},"50":{"start":{"line":114,"column":18},"end":{"line":114,"column":null}},"51":{"start":{"line":115,"column":16},"end":{"line":115,"column":null}},"52":{"start":{"line":116,"column":18},"end":{"line":116,"column":null}},"53":{"start":{"line":117,"column":20},"end":{"line":117,"column":null}},"54":{"start":{"line":118,"column":20},"end":{"line":118,"column":null}},"55":{"start":{"line":119,"column":4},"end":{"line":119,"column":null}},"56":{"start":{"line":122,"column":2},"end":{"line":122,"column":null}},"57":{"start":{"line":131,"column":15},"end":{"line":131,"column":null}},"58":{"start":{"line":133,"column":2},"end":{"line":143,"column":null}},"59":{"start":{"line":134,"column":4},"end":{"line":142,"column":null}},"60":{"start":{"line":135,"column":18},"end":{"line":135,"column":null}},"61":{"start":{"line":136,"column":6},"end":{"line":139,"column":null}},"62":{"start":{"line":137,"column":8},"end":{"line":137,"column":null}},"63":{"start":{"line":138,"column":8},"end":{"line":138,"column":null}},"64":{"start":{"line":144,"column":2},"end":{"line":144,"column":null}}},"fnMap":{"0":{"name":"getFlatMenuList","decl":{"start":{"line":9,"column":16},"end":{"line":9,"column":32}},"loc":{"start":{"line":9,"column":82},"end":{"line":12,"column":null}},"line":9},"1":{"name":"(anonymous_1)","decl":{"start":{"line":11,"column":29},"end":{"line":11,"column":37}},"loc":{"start":{"line":11,"column":37},"end":{"line":11,"column":101}},"line":11},"2":{"name":"getShowMenuList","decl":{"start":{"line":20,"column":16},"end":{"line":20,"column":32}},"loc":{"start":{"line":20,"column":62},"end":{"line":26,"column":null}},"line":20},"3":{"name":"(anonymous_3)","decl":{"start":{"line":22,"column":28},"end":{"line":22,"column":36}},"loc":{"start":{"line":22,"column":36},"end":{"line":25,"column":3}},"line":22},"4":{"name":"(anonymous_4)","decl":{"start":{"line":30,"column":26},"end":{"line":30,"column":27}},"loc":{"start":{"line":30,"column":50},"end":{"line":37,"column":null}},"line":30},"5":{"name":"(anonymous_5)","decl":{"start":{"line":39,"column":26},"end":{"line":39,"column":27}},"loc":{"start":{"line":39,"column":50},"end":{"line":46,"column":null}},"line":39},"6":{"name":"validateNoEmpty","decl":{"start":{"line":70,"column":16},"end":{"line":70,"column":32}},"loc":{"start":{"line":70,"column":77},"end":{"line":97,"column":null}},"line":70},"7":{"name":"(anonymous_7)","decl":{"start":{"line":79,"column":23},"end":{"line":79,"column":24}},"loc":{"start":{"line":79,"column":46},"end":{"line":90,"column":null}},"line":79},"8":{"name":"(anonymous_8)","decl":{"start":{"line":104,"column":35},"end":{"line":104,"column":41}},"loc":{"start":{"line":104,"column":41},"end":{"line":123,"column":null}},"line":104},"9":{"name":"(anonymous_9)","decl":{"start":{"line":112,"column":25},"end":{"line":112,"column":26}},"loc":{"start":{"line":112,"column":41},"end":{"line":120,"column":null}},"line":112},"10":{"name":"arrayBufferToString","decl":{"start":{"line":129,"column":16},"end":{"line":129,"column":36}},"loc":{"start":{"line":129,"column":75},"end":{"line":145,"column":null}},"line":129}},"branchMap":{"0":{"loc":{"start":{"line":11,"column":48},"end":{"line":11,"column":100}},"type":"cond-expr","locations":[{"start":{"line":11,"column":64},"end":{"line":11,"column":97}},{"start":{"line":11,"column":97},"end":{"line":11,"column":100}}],"line":11},"1":{"loc":{"start":{"line":23,"column":4},"end":{"line":23,"column":null}},"type":"binary-expr","locations":[{"start":{"line":23,"column":4},"end":{"line":23,"column":30}},{"start":{"line":23,"column":30},"end":{"line":23,"column":null}}],"line":23},"2":{"loc":{"start":{"line":31,"column":2},"end":{"line":31,"column":null}},"type":"if","locations":[{"start":{"line":31,"column":2},"end":{"line":31,"column":null}},{"start":{},"end":{}}],"line":31},"3":{"loc":{"start":{"line":40,"column":2},"end":{"line":40,"column":null}},"type":"if","locations":[{"start":{"line":40,"column":2},"end":{"line":40,"column":null}},{"start":{},"end":{}}],"line":40},"4":{"loc":{"start":{"line":72,"column":17},"end":{"line":72,"column":null}},"type":"binary-expr","locations":[{"start":{"line":72,"column":17},"end":{"line":72,"column":33}},{"start":{"line":72,"column":33},"end":{"line":72,"column":null}}],"line":72},"5":{"loc":{"start":{"line":77,"column":6},"end":{"line":77,"column":null}},"type":"if","locations":[{"start":{"line":77,"column":6},"end":{"line":77,"column":null}},{"start":{},"end":{}}],"line":77},"6":{"loc":{"start":{"line":77,"column":10},"end":{"line":77,"column":62}},"type":"binary-expr","locations":[{"start":{"line":77,"column":10},"end":{"line":77,"column":37}},{"start":{"line":77,"column":37},"end":{"line":77,"column":62}}],"line":77},"7":{"loc":{"start":{"line":81,"column":10},"end":{"line":87,"column":null}},"type":"if","locations":[{"start":{"line":81,"column":10},"end":{"line":87,"column":null}},{"start":{"line":83,"column":17},"end":{"line":87,"column":null}}],"line":81},"8":{"loc":{"start":{"line":81,"column":14},"end":{"line":81,"column":63}},"type":"binary-expr","locations":[{"start":{"line":81,"column":14},"end":{"line":81,"column":19}},{"start":{"line":81,"column":19},"end":{"line":81,"column":44}},{"start":{"line":81,"column":44},"end":{"line":81,"column":63}}],"line":81},"9":{"loc":{"start":{"line":82,"column":12},"end":{"line":82,"column":null}},"type":"if","locations":[{"start":{"line":82,"column":12},"end":{"line":82,"column":null}},{"start":{},"end":{}}],"line":82},"10":{"loc":{"start":{"line":84,"column":28},"end":{"line":85,"column":null}},"type":"binary-expr","locations":[{"start":{"line":84,"column":28},"end":{"line":84,"column":40}},{"start":{"line":84,"column":40},"end":{"line":84,"column":54}},{"start":{"line":84,"column":54},"end":{"line":84,"column":null}},{"start":{"line":85,"column":29},"end":{"line":85,"column":54}},{"start":{"line":85,"column":54},"end":{"line":85,"column":null}}],"line":84},"11":{"loc":{"start":{"line":86,"column":12},"end":{"line":86,"column":null}},"type":"if","locations":[{"start":{"line":86,"column":12},"end":{"line":86,"column":null}},{"start":{},"end":{}}],"line":86},"12":{"loc":{"start":{"line":86,"column":16},"end":{"line":86,"column":48}},"type":"binary-expr","locations":[{"start":{"line":86,"column":16},"end":{"line":86,"column":27}},{"start":{"line":86,"column":27},"end":{"line":86,"column":48}}],"line":86},"13":{"loc":{"start":{"line":91,"column":6},"end":{"line":93,"column":null}},"type":"if","locations":[{"start":{"line":91,"column":6},"end":{"line":93,"column":null}},{"start":{},"end":{}}],"line":91},"14":{"loc":{"start":{"line":133,"column":2},"end":{"line":143,"column":null}},"type":"if","locations":[{"start":{"line":133,"column":2},"end":{"line":143,"column":null}},{"start":{},"end":{}}],"line":133},"15":{"loc":{"start":{"line":136,"column":6},"end":{"line":139,"column":null}},"type":"if","locations":[{"start":{"line":136,"column":6},"end":{"line":139,"column":null}},{"start":{},"end":{}}],"line":136},"16":{"loc":{"start":{"line":136,"column":10},"end":{"line":136,"column":113}},"type":"binary-expr","locations":[{"start":{"line":136,"column":10},"end":{"line":136,"column":18}},{"start":{"line":136,"column":18},"end":{"line":136,"column":43}},{"start":{"line":136,"column":43},"end":{"line":136,"column":70}},{"start":{"line":136,"column":70},"end":{"line":136,"column":91}},{"start":{"line":136,"column":91},"end":{"line":136,"column":113}}],"line":136},"17":{"loc":{"start":{"line":137,"column":24},"end":{"line":137,"column":56}},"type":"binary-expr","locations":[{"start":{"line":137,"column":24},"end":{"line":137,"column":39}},{"start":{"line":137,"column":39},"end":{"line":137,"column":50}},{"start":{"line":137,"column":50},"end":{"line":137,"column":56}}],"line":137}},"s":{"0":3,"1":3,"2":3,"3":1,"4":1,"5":2,"6":2,"7":1,"8":2,"9":1,"10":1,"11":1,"12":1,"13":1,"14":1,"15":1,"16":2,"17":1,"18":1,"19":1,"20":1,"21":1,"22":1,"23":1,"24":1,"25":3,"26":5,"27":5,"28":5,"29":4,"30":4,"31":1,"32":3,"33":3,"34":5,"35":0,"36":0,"37":5,"38":5,"39":1,"40":2,"41":3,"42":1,"43":2,"44":1,"45":1,"46":1,"47":1,"48":1,"49":2,"50":2,"51":2,"52":2,"53":2,"54":2,"55":2,"56":1,"57":2,"58":2,"59":1,"60":1,"61":1,"62":0,"63":0,"64":2},"f":{"0":3,"1":3,"2":1,"3":2,"4":2,"5":2,"6":3,"7":3,"8":1,"9":2,"10":2},"b":{"0":[1,2],"1":[2,0],"2":[1,1],"3":[1,1],"4":[5,0],"5":[1,3],"6":[4,2],"7":[0,5],"8":[5,4,0],"9":[0,0],"10":[5,4,4,4,3],"11":[1,4],"12":[5,1],"13":[1,2],"14":[1,1],"15":[0,1],"16":[1,1,1,1,1],"17":[0,0,0]},"meta":{"lastBranch":18,"lastFunction":11,"lastStatement":65,"seen":{"f:9:16:9:32":0,"s:10:40:10:Infinity":0,"s:11:2:11:Infinity":1,"f:11:29:11:37":1,"s:11:37:11:101":2,"b:11:64:11:97:11:97:11:100":0,"f:20:16:20:32":2,"s:21:40:21:Infinity":3,"s:22:2:25:Infinity":4,"f:22:28:22:36":3,"s:23:4:23:Infinity":5,"b:23:4:23:30:23:30:23:Infinity":1,"s:24:4:24:Infinity":6,"s:30:26:37:Infinity":7,"f:30:26:30:27":4,"b:31:2:31:Infinity:undefined:undefined:undefined:undefined":2,"s:31:2:31:Infinity":8,"s:31:19:31:Infinity":9,"s:32:15:32:Infinity":10,"s:33:15:33:Infinity":11,"s:34:16:34:Infinity":12,"s:35:14:35:Infinity":13,"s:36:2:36:Infinity":14,"s:39:26:46:Infinity":15,"f:39:26:39:27":5,"b:40:2:40:Infinity:undefined:undefined:undefined:undefined":3,"s:40:2:40:Infinity":16,"s:40:19:40:Infinity":17,"s:41:15:41:Infinity":18,"s:42:15:42:Infinity":19,"s:43:17:43:Infinity":20,"s:44:17:44:Infinity":21,"s:45:2:45:Infinity":22,"s:49:20:56:Infinity":23,"s:59:39:62:Infinity":24,"f:70:16:70:32":6,"s:71:2:95:Infinity":25,"s:72:17:72:Infinity":26,"b:72:17:72:33:72:33:72:Infinity":4,"s:73:4:94:Infinity":27,"s:73:17:73:20":28,"s:74:19:74:Infinity":29,"b:77:6:77:Infinity:undefined:undefined:undefined:undefined":5,"s:77:6:77:Infinity":30,"b:77:10:77:37:77:37:77:62":6,"s:77:62:77:Infinity":31,"s:79:23:90:Infinity":32,"f:79:23:79:24":7,"s:80:8:88:Infinity":33,"b:81:10:87:Infinity:83:17:87:Infinity":7,"s:81:10:87:Infinity":34,"b:81:14:81:19:81:19:81:44:81:44:81:63":8,"b:82:12:82:Infinity:undefined:undefined:undefined:undefined":9,"s:82:12:82:Infinity":35,"s:82:29:82:Infinity":36,"s:84:28:85:Infinity":37,"b:84:28:84:40:84:40:84:54:84:54:84:Infinity:85:29:85:54:85:54:85:Infinity":10,"b:86:12:86:Infinity:undefined:undefined:undefined:undefined":11,"s:86:12:86:Infinity":38,"b:86:16:86:27:86:27:86:48":12,"s:86:48:86:Infinity":39,"s:89:8:89:Infinity":40,"b:91:6:93:Infinity:undefined:undefined:undefined:undefined":13,"s:91:6:93:Infinity":41,"s:92:8:92:Infinity":42,"s:96:2:96:Infinity":43,"s:104:35:123:Infinity":44,"f:104:35:104:41":8,"s:105:14:105:Infinity":45,"s:107:20:107:Infinity":46,"s:109:18:109:Infinity":47,"s:112:25:120:Infinity":48,"f:112:25:112:26":9,"s:113:17:113:Infinity":49,"s:114:18:114:Infinity":50,"s:115:16:115:Infinity":51,"s:116:18:116:Infinity":52,"s:117:20:117:Infinity":53,"s:118:20:118:Infinity":54,"s:119:4:119:Infinity":55,"s:122:2:122:Infinity":56,"f:129:16:129:36":10,"s:131:15:131:Infinity":57,"b:133:2:143:Infinity:undefined:undefined:undefined:undefined":14,"s:133:2:143:Infinity":58,"s:134:4:142:Infinity":59,"s:135:18:135:Infinity":60,"b:136:6:139:Infinity:undefined:undefined:undefined:undefined":15,"s:136:6:139:Infinity":61,"b:136:10:136:18:136:18:136:43:136:43:136:70:136:70:136:91:136:91:136:113":16,"s:137:8:137:Infinity":62,"b:137:24:137:39:137:39:137:50:137:50:137:56":17,"s:138:8:138:Infinity":63,"s:144:2:144:Infinity":64}}}
}
